[debug] [2018-01-28T22:01:06.927Z] ----------------------------------------------------------------------
[debug] [2018-01-28T22:01:06.928Z] Command:       C:\Program Files\nodejs\node.exe C:\Users\Sreeram\AppData\Roaming\npm\node_modules\firebase-tools\bin\firebase deploy
[debug] [2018-01-28T22:01:06.928Z] CLI Version:   3.9.2
[debug] [2018-01-28T22:01:06.928Z] Platform:      win32
[debug] [2018-01-28T22:01:06.928Z] Node Version:  v6.10.2
[debug] [2018-01-28T22:01:06.929Z] Time:          Sun Jan 28 2018 14:01:06 GMT-0800 (Pacific Standard Time)
[debug] [2018-01-28T22:01:06.929Z] ----------------------------------------------------------------------
[debug] 
[debug] [2018-01-28T22:01:06.937Z] > command requires scopes: ["email","openid","https://www.googleapis.com/auth/cloudplatformprojects.readonly","https://www.googleapis.com/auth/firebase","https://www.googleapis.com/auth/cloud-platform"]
[debug] [2018-01-28T22:01:06.938Z] > authorizing via signed-in user
[debug] [2018-01-28T22:01:06.939Z] > refreshing access token with scopes: ["email","https://www.googleapis.com/auth/cloud-platform","https://www.googleapis.com/auth/cloudplatformprojects.readonly","https://www.googleapis.com/auth/firebase","openid"]
[debug] [2018-01-28T22:01:06.939Z] >>> HTTP REQUEST POST https://www.googleapis.com/oauth2/v3/token { refresh_token: '1/nOYeXEirIMeQINKUrrvMp4C69XaNSJlxGuoEmhZ7RJg',
  client_id: '563584335869-fgrhgmd47bqnekij5i8b5pr03ho849e6.apps.googleusercontent.com',
  client_secret: 'j9iVZfS8kkCEFUPaAeJV0sAi',
  grant_type: 'refresh_token',
  scope: 'email https://www.googleapis.com/auth/cloud-platform https://www.googleapis.com/auth/cloudplatformprojects.readonly https://www.googleapis.com/auth/firebase openid' } 
 Sun Jan 28 2018 14:01:06 GMT-0800 (Pacific Standard Time)
[debug] [2018-01-28T22:01:07.085Z] <<< HTTP RESPONSE 200
[debug] [2018-01-28T22:01:07.104Z] >>> HTTP REQUEST GET https://admin.firebase.com/v1/projects/tastery-c81be  
 Sun Jan 28 2018 14:01:07 GMT-0800 (Pacific Standard Time)
